<?xml version="1.0" encoding="UTF-8"?>
<!-- Generated by org.testng.reporters.JUnitXMLReporter -->
<testsuite ignored="0" hostname="LAPTOP-P6IV917U" failures="1" tests="2" name="Surefire test" time="29.45" errors="0" timestamp="2026-01-07T01:07:39 IST">
  <testcase classname="io.cucumber.testng.AbstractTestNGCucumberTests" name="runScenario" time="26.237">
    <failure type="com.microsoft.playwright.PlaywrightException" message="Error {
  message=&amp;apos;url: expected string, got undefined
  name=&amp;apos;Error
  stack=&amp;apos;Error: url: expected string, got undefined
    at tString (C:\Users\piyus\AppData\Local\Temp\playwright-java-3250394499490968746\package\lib\protocol\validatorPrimitives.js:58:9)
    at C:\Users\piyus\AppData\Local\Temp\playwright-java-3250394499490968746\package\lib\protocol\validatorPrimitives.js:107:21
    at DispatcherConnection.dispatch (C:\Users\piyus\AppData\Local\Temp\playwright-java-3250394499490968746\package\lib\server\dispatchers\dispatcher.js:281:21)
    at transport.onmessage (C:\Users\piyus\AppData\Local\Temp\playwright-java-3250394499490968746\package\lib\cli\driver.js:52:57)
    at Immediate._onImmediate (C:\Users\piyus\AppData\Local\Temp\playwright-java-3250394499490968746\package\lib\protocol\transport.js:77:34)
    at process.processImmediate (node:internal/timers:478:21)
}">
      <![CDATA[com.microsoft.playwright.PlaywrightException: Error {
  message='url: expected string, got undefined
  name='Error
  stack='Error: url: expected string, got undefined
    at tString (C:\Users\piyus\AppData\Local\Temp\playwright-java-3250394499490968746\package\lib\protocol\validatorPrimitives.js:58:9)
    at C:\Users\piyus\AppData\Local\Temp\playwright-java-3250394499490968746\package\lib\protocol\validatorPrimitives.js:107:21
    at DispatcherConnection.dispatch (C:\Users\piyus\AppData\Local\Temp\playwright-java-3250394499490968746\package\lib\server\dispatchers\dispatcher.js:281:21)
    at transport.onmessage (C:\Users\piyus\AppData\Local\Temp\playwright-java-3250394499490968746\package\lib\cli\driver.js:52:57)
    at Immediate._onImmediate (C:\Users\piyus\AppData\Local\Temp\playwright-java-3250394499490968746\package\lib\protocol\transport.js:77:34)
    at process.processImmediate (node:internal/timers:478:21)
}
at com.microsoft.playwright.impl.WaitableResult.get(WaitableResult.java:56)
at com.microsoft.playwright.impl.ChannelOwner.runUntil(ChannelOwner.java:120)
at com.microsoft.playwright.impl.Connection.sendMessage(Connection.java:130)
at com.microsoft.playwright.impl.ChannelOwner.sendMessage(ChannelOwner.java:106)
at com.microsoft.playwright.impl.FrameImpl.navigateImpl(FrameImpl.java:463)
at com.microsoft.playwright.impl.PageImpl.lambda$navigate$46(PageImpl.java:870)
at com.microsoft.playwright.impl.LoggingSupport.withLogging(LoggingSupport.java:47)
at com.microsoft.playwright.impl.ChannelOwner.withLogging(ChannelOwner.java:89)
at com.microsoft.playwright.impl.PageImpl.navigate(PageImpl.java:870)
at com.microsoft.playwright.impl.PageImpl.navigate(PageImpl.java:42)
at com.microsoft.playwright.Page.navigate(Page.java:5490)
at org.piyush.pages.NaukariPage.userLoginToNaukri(NaukariPage.java:28)
at org.piyush.steps.NaukriSteps.userLandsOnHomePageAfterLoginTo(NaukriSteps.java:15)
at âœ½.User lands on home page after login to "NaukriUrl"(file:///C:/Users/piyus/PlaywrightBDDApi18122025/src/test/resources/features/Naukari.feature:4)
Caused by: com.microsoft.playwright.impl.DriverException: Error {
  message='url: expected string, got undefined
  name='Error
  stack='Error: url: expected string, got undefined
    at tString (C:\Users\piyus\AppData\Local\Temp\playwright-java-3250394499490968746\package\lib\protocol\validatorPrimitives.js:58:9)
    at C:\Users\piyus\AppData\Local\Temp\playwright-java-3250394499490968746\package\lib\protocol\validatorPrimitives.js:107:21
    at DispatcherConnection.dispatch (C:\Users\piyus\AppData\Local\Temp\playwright-java-3250394499490968746\package\lib\server\dispatchers\dispatcher.js:281:21)
    at transport.onmessage (C:\Users\piyus\AppData\Local\Temp\playwright-java-3250394499490968746\package\lib\cli\driver.js:52:57)
    at Immediate._onImmediate (C:\Users\piyus\AppData\Local\Temp\playwright-java-3250394499490968746\package\lib\protocol\transport.js:77:34)
    at process.processImmediate (node:internal/timers:478:21)
}
at com.microsoft.playwright.impl.Connection.dispatch(Connection.java:259)
at com.microsoft.playwright.impl.Connection.processOneMessage(Connection.java:211)
at com.microsoft.playwright.impl.ChannelOwner.runUntil(ChannelOwner.java:118)
at com.microsoft.playwright.impl.Connection.sendMessage(Connection.java:130)
at com.microsoft.playwright.impl.ChannelOwner.sendMessage(ChannelOwner.java:106)
at com.microsoft.playwright.impl.FrameImpl.navigateImpl(FrameImpl.java:463)
at com.microsoft.playwright.impl.PageImpl.lambda$navigate$46(PageImpl.java:870)
at com.microsoft.playwright.impl.LoggingSupport.withLogging(LoggingSupport.java:47)
at com.microsoft.playwright.impl.ChannelOwner.withLogging(ChannelOwner.java:89)
at com.microsoft.playwright.impl.PageImpl.navigate(PageImpl.java:870)
at com.microsoft.playwright.impl.PageImpl.navigate(PageImpl.java:42)
at com.microsoft.playwright.Page.navigate(Page.java:5490)
at org.piyush.pages.NaukariPage.userLoginToNaukri(NaukariPage.java:28)
at org.piyush.steps.NaukriSteps.userLandsOnHomePageAfterLoginTo(NaukriSteps.java:15)
at io.cucumber.java.Invoker.doInvoke(Invoker.java:66)
at io.cucumber.java.Invoker.invoke(Invoker.java:24)
at io.cucumber.java.AbstractGlueDefinition.invokeMethod(AbstractGlueDefinition.java:47)
at io.cucumber.java.JavaStepDefinition.execute(JavaStepDefinition.java:29)
at io.cucumber.core.runner.CoreStepDefinition.execute(CoreStepDefinition.java:66)
at io.cucumber.core.runner.PickleStepDefinitionMatch.runStep(PickleStepDefinitionMatch.java:63)
at io.cucumber.core.runner.ExecutionMode$1.execute(ExecutionMode.java:10)
at io.cucumber.core.runner.TestStep.executeStep(TestStep.java:84)
at io.cucumber.core.runner.TestStep.run(TestStep.java:56)
at io.cucumber.core.runner.PickleStepTestStep.run(PickleStepTestStep.java:51)
at io.cucumber.core.runner.TestCase.run(TestCase.java:84)
at io.cucumber.core.runner.Runner.runPickle(Runner.java:75)
at io.cucumber.testng.TestNGCucumberRunner.lambda$runScenario$1(TestNGCucumberRunner.java:132)
at io.cucumber.core.runtime.CucumberExecutionContext.lambda$runTestCase$5(CucumberExecutionContext.java:137)
at io.cucumber.core.runtime.RethrowingThrowableCollector.executeAndThrow(RethrowingThrowableCollector.java:23)
at io.cucumber.core.runtime.CucumberExecutionContext.runTestCase(CucumberExecutionContext.java:137)
at io.cucumber.testng.TestNGCucumberRunner.runScenario(TestNGCucumberRunner.java:129)
at io.cucumber.testng.AbstractTestNGCucumberTests.runScenario(AbstractTestNGCucumberTests.java:35)
at java.base/java.util.ArrayList.forEach(ArrayList.java:1511)
... Removed 36 stack frames]]>
    </failure>
  </testcase> <!-- runScenario -->
  <testcase classname="io.cucumber.testng.AbstractTestNGCucumberTests" name="runScenario" time="2.908"/>
</testsuite> <!-- Surefire test -->
