<?xml version="1.0" encoding="UTF-8"?>
<!-- Generated by org.testng.reporters.JUnitXMLReporter -->
<testsuite ignored="0" hostname="LAPTOP-P6IV917U" failures="1" tests="1" name="Surefire test" time="33.363" errors="0" timestamp="2026-01-07T02:04:06 IST">
  <testcase classname="io.cucumber.testng.AbstractTestNGCucumberTests" name="runScenario" time="33.048">
    <failure type="java.lang.NullPointerException" message="Cannot invoke &amp;quot;String.length()&amp;quot; because &amp;quot;existingText&amp;quot; is null">
      <![CDATA[java.lang.NullPointerException: Cannot invoke "String.length()" because "existingText" is null
at org.piyush.pages.NaukariPage.userUpdateProfileSummary(NaukariPage.java:67)
at org.piyush.steps.NaukriSteps.userUpdateTheProfile(NaukriSteps.java:22)
at ✽.User update the profile(file:///C:/Users/piyus/PlaywrightBDDApi18122025/src/test/resources/features/naukri.feature:6)
]]>
    </failure>
  </testcase> <!-- runScenario -->
</testsuite> <!-- Surefire test -->
