<?xml version="1.0" encoding="UTF-8"?>
<testng-results ignored="0" total="1" passed="0" failed="1" skipped="0">
  <reporter-output>
  </reporter-output>
  <suite started-at="2026-01-07T02:03:33 IST" name="Surefire suite" finished-at="2026-01-07T02:04:06 IST" duration-ms="33363">
    <groups>
      <group name="cucumber">
        <method signature="AbstractTestNGCucumberTests.runScenario(io.cucumber.testng.PickleWrapper,io.cucumber.testng.FeatureWrapper)[pri:0, instance:org.piyush.runners.TestRunner@d706f19]" name="runScenario" class="io.cucumber.testng.AbstractTestNGCucumberTests"/>
      </group> <!-- cucumber -->
    </groups>
    <test started-at="2026-01-07T02:03:33 IST" name="Surefire test" finished-at="2026-01-07T02:04:06 IST" duration-ms="33363">
      <class name="org.piyush.runners.TestRunner">
        <test-method is-config="true" signature="setUpClass(org.testng.ITestContext)[pri:0, instance:org.piyush.runners.TestRunner@d706f19]" started-at="2026-01-07T02:03:33 IST" name="setUpClass" finished-at="2026-01-07T02:03:33 IST" duration-ms="267" status="PASS">
          <params>
            <param index="0">
              <value>
                <![CDATA[org.testng.TestRunner@22d6f11]]>
              </value>
            </param>
          </params>
          <reporter-output>
          </reporter-output>
        </test-method> <!-- setUpClass -->
        <test-method signature="runScenario(io.cucumber.testng.PickleWrapper,io.cucumber.testng.FeatureWrapper)[pri:0, instance:org.piyush.runners.TestRunner@d706f19]" started-at="2026-01-07T02:03:33 IST" name="runScenario" description="Runs Cucumber Scenarios" data-provider="scenarios" finished-at="2026-01-07T02:04:06 IST" duration-ms="33048" status="FAIL">
          <params>
            <param index="0">
              <value>
                <![CDATA["Update the Naukri profile"]]>
              </value>
            </param>
            <param index="1">
              <value>
                <![CDATA["Naukri profile update"]]>
              </value>
            </param>
          </params>
          <exception class="java.lang.NullPointerException">
            <message>
              <![CDATA[Cannot invoke "String.length()" because "existingText" is null]]>
            </message>
            <full-stacktrace>
              <![CDATA[java.lang.NullPointerException: Cannot invoke "String.length()" because "existingText" is null
at org.piyush.pages.NaukariPage.userUpdateProfileSummary(NaukariPage.java:67)
at org.piyush.steps.NaukriSteps.userUpdateTheProfile(NaukriSteps.java:22)
at ✽.User update the profile(file:///C:/Users/piyus/PlaywrightBDDApi18122025/src/test/resources/features/naukri.feature:6)
]]>
            </full-stacktrace>
          </exception> <!-- java.lang.NullPointerException -->
          <reporter-output>
          </reporter-output>
        </test-method> <!-- runScenario -->
        <test-method is-config="true" signature="tearDownClass()[pri:0, instance:org.piyush.runners.TestRunner@d706f19]" started-at="2026-01-07T02:04:06 IST" name="tearDownClass" finished-at="2026-01-07T02:04:06 IST" duration-ms="2" status="PASS">
          <reporter-output>
          </reporter-output>
        </test-method> <!-- tearDownClass -->
      </class> <!-- org.piyush.runners.TestRunner -->
    </test> <!-- Surefire test -->
  </suite> <!-- Surefire suite -->
</testng-results>
