<?xml version="1.0" encoding="UTF-8"?>
<testng-results ignored="0" total="0" passed="0" failed="0" skipped="0">
  <reporter-output>
  </reporter-output>
  <suite started-at="2026-01-07T01:29:24 IST" name="Surefire suite" finished-at="2026-01-07T01:29:24 IST" duration-ms="227">
    <groups>
      <group name="cucumber">
        <method signature="AbstractTestNGCucumberTests.runScenario(io.cucumber.testng.PickleWrapper,io.cucumber.testng.FeatureWrapper)[pri:0, instance:org.piyush.runners.TestRunner@d706f19]" name="runScenario" class="io.cucumber.testng.AbstractTestNGCucumberTests"/>
      </group> <!-- cucumber -->
    </groups>
    <test started-at="2026-01-07T01:29:24 IST" name="Surefire test" finished-at="2026-01-07T01:29:24 IST" duration-ms="227">
      <class name="org.piyush.runners.TestRunner">
        <test-method is-config="true" signature="setUpClass(org.testng.ITestContext)[pri:0, instance:org.piyush.runners.TestRunner@d706f19]" started-at="2026-01-07T01:29:24 IST" name="setUpClass" finished-at="2026-01-07T01:29:24 IST" duration-ms="195" status="PASS">
          <params>
            <param index="0">
              <value>
                <![CDATA[org.testng.TestRunner@7d9f158f]]>
              </value>
            </param>
          </params>
          <reporter-output>
          </reporter-output>
        </test-method> <!-- setUpClass -->
        <test-method is-config="true" signature="tearDownClass()[pri:0, instance:org.piyush.runners.TestRunner@d706f19]" started-at="2026-01-07T01:29:24 IST" name="tearDownClass" finished-at="2026-01-07T01:29:24 IST" duration-ms="1" status="PASS">
          <reporter-output>
          </reporter-output>
        </test-method> <!-- tearDownClass -->
      </class> <!-- org.piyush.runners.TestRunner -->
    </test> <!-- Surefire test -->
  </suite> <!-- Surefire suite -->
</testng-results>
