<?xml version="1.0" encoding="UTF-8"?>
<testsuite xmlns:xsi="http://www.w3.org/2001/XMLSchema-instance" xsi:noNamespaceSchemaLocation="https://maven.apache.org/surefire/maven-surefire-plugin/xsd/surefire-test-report-3.0.xsd" version="3.0" name="org.piyush.runners.TestRunner" time="30.304" tests="2" errors="0" skipped="0" failures="1">
  <properties>
[...]
</properties>
  <testcase name="runScenario[&quot;Update the Naukri profile&quot;, &quot;Naukri profile update&quot;](1)" classname="org.piyush.runners.TestRunner" time="26.251">
    <failure message="Error {&#10;  message=&apos;url: expected string, got undefined&#10;  name=&apos;Error&#10;  stack=&apos;Error: url: expected string, got undefined&#10;    at tString (C:\Users\piyus\AppData\Local\Temp\playwright-java-3250394499490968746\package\lib\protocol\validatorPrimitives.js:58:9)&#10;    at C:\Users\piyus\AppData\Local\Temp\playwright-java-3250394499490968746\package\lib\protocol\validatorPrimitives.js:107:21&#10;    at DispatcherConnection.dispatch (C:\Users\piyus\AppData\Local\Temp\playwright-java-3250394499490968746\package\lib\server\dispatchers\dispatcher.js:281:21)&#10;    at transport.onmessage (C:\Users\piyus\AppData\Local\Temp\playwright-java-3250394499490968746\package\lib\cli\driver.js:52:57)&#10;    at Immediate._onImmediate (C:\Users\piyus\AppData\Local\Temp\playwright-java-3250394499490968746\package\lib\protocol\transport.js:77:34)&#10;    at process.processImmediate (node:internal/timers:478:21)&#10;}" type="com.microsoft.playwright.PlaywrightException"><![CDATA[com.microsoft.playwright.PlaywrightException: 
Error {
  message='url: expected string, got undefined
  name='Error
  stack='Error: url: expected string, got undefined
    at tString (C:\Users\piyus\AppData\Local\Temp\playwright-java-3250394499490968746\package\lib\protocol\validatorPrimitives.js:58:9)
    at C:\Users\piyus\AppData\Local\Temp\playwright-java-3250394499490968746\package\lib\protocol\validatorPrimitives.js:107:21
    at DispatcherConnection.dispatch (C:\Users\piyus\AppData\Local\Temp\playwright-java-3250394499490968746\package\lib\server\dispatchers\dispatcher.js:281:21)
    at transport.onmessage (C:\Users\piyus\AppData\Local\Temp\playwright-java-3250394499490968746\package\lib\cli\driver.js:52:57)
    at Immediate._onImmediate (C:\Users\piyus\AppData\Local\Temp\playwright-java-3250394499490968746\package\lib\protocol\transport.js:77:34)
    at process.processImmediate (node:internal/timers:478:21)
}
	at com.microsoft.playwright.impl.WaitableResult.get(WaitableResult.java:56)
	at com.microsoft.playwright.impl.ChannelOwner.runUntil(ChannelOwner.java:120)
	at com.microsoft.playwright.impl.Connection.sendMessage(Connection.java:130)
	at com.microsoft.playwright.impl.ChannelOwner.sendMessage(ChannelOwner.java:106)
	at com.microsoft.playwright.impl.FrameImpl.navigateImpl(FrameImpl.java:463)
	at com.microsoft.playwright.impl.PageImpl.lambda$navigate$46(PageImpl.java:870)
	at com.microsoft.playwright.impl.LoggingSupport.withLogging(LoggingSupport.java:47)
	at com.microsoft.playwright.impl.ChannelOwner.withLogging(ChannelOwner.java:89)
	at com.microsoft.playwright.impl.PageImpl.navigate(PageImpl.java:870)
	at com.microsoft.playwright.impl.PageImpl.navigate(PageImpl.java:42)
	at com.microsoft.playwright.Page.navigate(Page.java:5490)
	at org.piyush.pages.NaukariPage.userLoginToNaukri(NaukariPage.java:28)
	at org.piyush.steps.NaukriSteps.userLandsOnHomePageAfterLoginTo(NaukriSteps.java:15)
	at ✽.User lands on home page after login to "NaukriUrl"(file:///C:/Users/piyus/PlaywrightBDDApi18122025/src/test/resources/features/Naukari.feature:4)
Caused by: com.microsoft.playwright.impl.DriverException: Error {
  message='url: expected string, got undefined
  name='Error
  stack='Error: url: expected string, got undefined
    at tString (C:\Users\piyus\AppData\Local\Temp\playwright-java-3250394499490968746\package\lib\protocol\validatorPrimitives.js:58:9)
    at C:\Users\piyus\AppData\Local\Temp\playwright-java-3250394499490968746\package\lib\protocol\validatorPrimitives.js:107:21
    at DispatcherConnection.dispatch (C:\Users\piyus\AppData\Local\Temp\playwright-java-3250394499490968746\package\lib\server\dispatchers\dispatcher.js:281:21)
    at transport.onmessage (C:\Users\piyus\AppData\Local\Temp\playwright-java-3250394499490968746\package\lib\cli\driver.js:52:57)
    at Immediate._onImmediate (C:\Users\piyus\AppData\Local\Temp\playwright-java-3250394499490968746\package\lib\protocol\transport.js:77:34)
    at process.processImmediate (node:internal/timers:478:21)
}
	at com.microsoft.playwright.impl.Connection.dispatch(Connection.java:259)
	at com.microsoft.playwright.impl.Connection.processOneMessage(Connection.java:211)
	at com.microsoft.playwright.impl.ChannelOwner.runUntil(ChannelOwner.java:118)
	at com.microsoft.playwright.impl.Connection.sendMessage(Connection.java:130)
	at com.microsoft.playwright.impl.ChannelOwner.sendMessage(ChannelOwner.java:106)
	at com.microsoft.playwright.impl.FrameImpl.navigateImpl(FrameImpl.java:463)
	at com.microsoft.playwright.impl.PageImpl.lambda$navigate$46(PageImpl.java:870)
	at com.microsoft.playwright.impl.LoggingSupport.withLogging(LoggingSupport.java:47)
	at com.microsoft.playwright.impl.ChannelOwner.withLogging(ChannelOwner.java:89)
	at com.microsoft.playwright.impl.PageImpl.navigate(PageImpl.java:870)
	at com.microsoft.playwright.impl.PageImpl.navigate(PageImpl.java:42)
	at com.microsoft.playwright.Page.navigate(Page.java:5490)
	at org.piyush.pages.NaukariPage.userLoginToNaukri(NaukariPage.java:28)
	at org.piyush.steps.NaukriSteps.userLandsOnHomePageAfterLoginTo(NaukriSteps.java:15)
	at java.base/jdk.internal.reflect.NativeMethodAccessorImpl.invoke0(Native Method)
	at java.base/jdk.internal.reflect.NativeMethodAccessorImpl.invoke(NativeMethodAccessorImpl.java:64)
	at java.base/jdk.internal.reflect.DelegatingMethodAccessorImpl.invoke(DelegatingMethodAccessorImpl.java:43)
	at java.base/java.lang.reflect.Method.invoke(Method.java:564)
	at io.cucumber.java.Invoker.doInvoke(Invoker.java:66)
	at io.cucumber.java.Invoker.invoke(Invoker.java:24)
	at io.cucumber.java.AbstractGlueDefinition.invokeMethod(AbstractGlueDefinition.java:47)
	at io.cucumber.java.JavaStepDefinition.execute(JavaStepDefinition.java:29)
	at io.cucumber.core.runner.CoreStepDefinition.execute(CoreStepDefinition.java:66)
	at io.cucumber.core.runner.PickleStepDefinitionMatch.runStep(PickleStepDefinitionMatch.java:63)
	at io.cucumber.core.runner.ExecutionMode$1.execute(ExecutionMode.java:10)
	at io.cucumber.core.runner.TestStep.executeStep(TestStep.java:84)
	at io.cucumber.core.runner.TestStep.run(TestStep.java:56)
	at io.cucumber.core.runner.PickleStepTestStep.run(PickleStepTestStep.java:51)
	at io.cucumber.core.runner.TestCase.run(TestCase.java:84)
	at io.cucumber.core.runner.Runner.runPickle(Runner.java:75)
	at io.cucumber.testng.TestNGCucumberRunner.lambda$runScenario$1(TestNGCucumberRunner.java:132)
	at io.cucumber.core.runtime.CucumberExecutionContext.lambda$runTestCase$5(CucumberExecutionContext.java:137)
	at io.cucumber.core.runtime.RethrowingThrowableCollector.executeAndThrow(RethrowingThrowableCollector.java:23)
	at io.cucumber.core.runtime.CucumberExecutionContext.runTestCase(CucumberExecutionContext.java:137)
	at io.cucumber.testng.TestNGCucumberRunner.runScenario(TestNGCucumberRunner.java:129)
	at io.cucumber.testng.AbstractTestNGCucumberTests.runScenario(AbstractTestNGCucumberTests.java:35)
	at java.base/jdk.internal.reflect.NativeMethodAccessorImpl.invoke0(Native Method)
	at java.base/jdk.internal.reflect.NativeMethodAccessorImpl.invoke(NativeMethodAccessorImpl.java:64)
	at java.base/jdk.internal.reflect.DelegatingMethodAccessorImpl.invoke(DelegatingMethodAccessorImpl.java:43)
	at java.base/java.lang.reflect.Method.invoke(Method.java:564)
	at org.testng.internal.invokers.MethodInvocationHelper.invokeMethod(MethodInvocationHelper.java:139)
	at org.testng.internal.invokers.TestInvoker.invokeMethod(TestInvoker.java:664)
	at org.testng.internal.invokers.TestInvoker.invokeTestMethod(TestInvoker.java:228)
	at org.testng.internal.invokers.MethodRunner.runInSequence(MethodRunner.java:63)
	at org.testng.internal.invokers.TestInvoker$MethodInvocationAgent.invoke(TestInvoker.java:961)
	at org.testng.internal.invokers.TestInvoker.invokeTestMethods(TestInvoker.java:201)
	at org.testng.internal.invokers.TestMethodWorker.invokeTestMethods(TestMethodWorker.java:148)
	at org.testng.internal.invokers.TestMethodWorker.run(TestMethodWorker.java:128)
	at java.base/java.util.ArrayList.forEach(ArrayList.java:1511)
	at org.testng.TestRunner.privateRun(TestRunner.java:819)
	at org.testng.TestRunner.run(TestRunner.java:619)
	at org.testng.SuiteRunner.runTest(SuiteRunner.java:443)
	at org.testng.SuiteRunner.runSequentially(SuiteRunner.java:437)
	at org.testng.SuiteRunner.privateRun(SuiteRunner.java:397)
	at org.testng.SuiteRunner.run(SuiteRunner.java:336)
	at org.testng.SuiteRunnerWorker.runSuite(SuiteRunnerWorker.java:52)
	at org.testng.SuiteRunnerWorker.run(SuiteRunnerWorker.java:95)
	at org.testng.TestNG.runSuitesSequentially(TestNG.java:1301)
	at org.testng.TestNG.runSuitesLocally(TestNG.java:1228)
	at org.testng.TestNG.runSuites(TestNG.java:1134)
	at org.testng.TestNG.run(TestNG.java:1101)
	at org.apache.maven.surefire.testng.TestNGExecutor.run(TestNGExecutor.java:155)
	at org.apache.maven.surefire.testng.TestNGDirectoryTestSuite.executeSingleClass(TestNGDirectoryTestSuite.java:102)
	at org.apache.maven.surefire.testng.TestNGDirectoryTestSuite.execute(TestNGDirectoryTestSuite.java:91)
	at org.apache.maven.surefire.testng.TestNGProvider.invoke(TestNGProvider.java:137)
	at org.apache.maven.surefire.booter.ForkedBooter.runSuitesInProcess(ForkedBooter.java:385)
	at org.apache.maven.surefire.booter.ForkedBooter.execute(ForkedBooter.java:162)
	at org.apache.maven.surefire.booter.ForkedBooter.run(ForkedBooter.java:507)
	at org.apache.maven.surefire.booter.ForkedBooter.main(ForkedBooter.java:495)
]]></failure>
    <system-out><![CDATA[
Scenario: Update the Naukri profile                        # src/test/resources/features/Naukari.feature:3
  Given User lands on home page after login to "NaukriUrl" # org.piyush.steps.NaukriSteps.userLandsOnHomePageAfterLoginTo(java.lang.String)
      com.microsoft.playwright.PlaywrightException: Error {
  message='url: expected string, got undefined
  name='Error
  stack='Error: url: expected string, got undefined
    at tString (C:\Users\piyus\AppData\Local\Temp\playwright-java-3250394499490968746\package\lib\protocol\validatorPrimitives.js:58:9)
    at C:\Users\piyus\AppData\Local\Temp\playwright-java-3250394499490968746\package\lib\protocol\validatorPrimitives.js:107:21
    at DispatcherConnection.dispatch (C:\Users\piyus\AppData\Local\Temp\playwright-java-3250394499490968746\package\lib\server\dispatchers\dispatcher.js:281:21)
    at transport.onmessage (C:\Users\piyus\AppData\Local\Temp\playwright-java-3250394499490968746\package\lib\cli\driver.js:52:57)
    at Immediate._onImmediate (C:\Users\piyus\AppData\Local\Temp\playwright-java-3250394499490968746\package\lib\protocol\transport.js:77:34)
    at process.processImmediate (node:internal/timers:478:21)
}
	at com.microsoft.playwright.impl.WaitableResult.get(WaitableResult.java:56)
	at com.microsoft.playwright.impl.ChannelOwner.runUntil(ChannelOwner.java:120)
	at com.microsoft.playwright.impl.Connection.sendMessage(Connection.java:130)
	at com.microsoft.playwright.impl.ChannelOwner.sendMessage(ChannelOwner.java:106)
	at com.microsoft.playwright.impl.FrameImpl.navigateImpl(FrameImpl.java:463)
	at com.microsoft.playwright.impl.PageImpl.lambda$navigate$46(PageImpl.java:870)
	at com.microsoft.playwright.impl.LoggingSupport.withLogging(LoggingSupport.java:47)
	at com.microsoft.playwright.impl.ChannelOwner.withLogging(ChannelOwner.java:89)
	at com.microsoft.playwright.impl.PageImpl.navigate(PageImpl.java:870)
	at com.microsoft.playwright.impl.PageImpl.navigate(PageImpl.java:42)
	at com.microsoft.playwright.Page.navigate(Page.java:5490)
	at org.piyush.pages.NaukariPage.userLoginToNaukri(NaukariPage.java:28)
	at org.piyush.steps.NaukriSteps.userLandsOnHomePageAfterLoginTo(NaukriSteps.java:15)
	at âœ½.User lands on home page after login to "NaukriUrl"(file:///C:/Users/piyus/PlaywrightBDDApi18122025/src/test/resources/features/Naukari.feature:4)
Caused by: com.microsoft.playwright.impl.DriverException: Error {
  message='url: expected string, got undefined
  name='Error
  stack='Error: url: expected string, got undefined
    at tString (C:\Users\piyus\AppData\Local\Temp\playwright-java-3250394499490968746\package\lib\protocol\validatorPrimitives.js:58:9)
    at C:\Users\piyus\AppData\Local\Temp\playwright-java-3250394499490968746\package\lib\protocol\validatorPrimitives.js:107:21
    at DispatcherConnection.dispatch (C:\Users\piyus\AppData\Local\Temp\playwright-java-3250394499490968746\package\lib\server\dispatchers\dispatcher.js:281:21)
    at transport.onmessage (C:\Users\piyus\AppData\Local\Temp\playwright-java-3250394499490968746\package\lib\cli\driver.js:52:57)
    at Immediate._onImmediate (C:\Users\piyus\AppData\Local\Temp\playwright-java-3250394499490968746\package\lib\protocol\transport.js:77:34)
    at process.processImmediate (node:internal/timers:478:21)
}
	at com.microsoft.playwright.impl.Connection.dispatch(Connection.java:259)
	at com.microsoft.playwright.impl.Connection.processOneMessage(Connection.java:211)
	at com.microsoft.playwright.impl.ChannelOwner.runUntil(ChannelOwner.java:118)
	at com.microsoft.playwright.impl.Connection.sendMessage(Connection.java:130)
	at com.microsoft.playwright.impl.ChannelOwner.sendMessage(ChannelOwner.java:106)
	at com.microsoft.playwright.impl.FrameImpl.navigateImpl(FrameImpl.java:463)
	at com.microsoft.playwright.impl.PageImpl.lambda$navigate$46(PageImpl.java:870)
	at com.microsoft.playwright.impl.LoggingSupport.withLogging(LoggingSupport.java:47)
	at com.microsoft.playwright.impl.ChannelOwner.withLogging(ChannelOwner.java:89)
	at com.microsoft.playwright.impl.PageImpl.navigate(PageImpl.java:870)
	at com.microsoft.playwright.impl.PageImpl.navigate(PageImpl.java:42)
	at com.microsoft.playwright.Page.navigate(Page.java:5490)
	at org.piyush.pages.NaukariPage.userLoginToNaukri(NaukariPage.java:28)
	at org.piyush.steps.NaukriSteps.userLandsOnHomePageAfterLoginTo(NaukriSteps.java:15)
	at java.base/jdk.internal.reflect.NativeMethodAccessorImpl.invoke0(Native Method)
	at java.base/jdk.internal.reflect.NativeMethodAccessorImpl.invoke(NativeMethodAccessorImpl.java:64)
	at java.base/jdk.internal.reflect.DelegatingMethodAccessorImpl.invoke(DelegatingMethodAccessorImpl.java:43)
	at java.base/java.lang.reflect.Method.invoke(Method.java:564)
	at io.cucumber.java.Invoker.doInvoke(Invoker.java:66)
	at io.cucumber.java.Invoker.invoke(Invoker.java:24)
	at io.cucumber.java.AbstractGlueDefinition.invokeMethod(AbstractGlueDefinition.java:47)
	at io.cucumber.java.JavaStepDefinition.execute(JavaStepDefinition.java:29)
	at io.cucumber.core.runner.CoreStepDefinition.execute(CoreStepDefinition.java:66)
	at io.cucumber.core.runner.PickleStepDefinitionMatch.runStep(PickleStepDefinitionMatch.java:63)
	at io.cucumber.core.runner.ExecutionMode$1.execute(ExecutionMode.java:10)
	at io.cucumber.core.runner.TestStep.executeStep(TestStep.java:84)
	at io.cucumber.core.runner.TestStep.run(TestStep.java:56)
	at io.cucumber.core.runner.PickleStepTestStep.run(PickleStepTestStep.java:51)
	at io.cucumber.core.runner.TestCase.run(TestCase.java:84)
	at io.cucumber.core.runner.Runner.runPickle(Runner.java:75)
	at io.cucumber.testng.TestNGCucumberRunner.lambda$runScenario$1(TestNGCucumberRunner.java:132)
	at io.cucumber.core.runtime.CucumberExecutionContext.lambda$runTestCase$5(CucumberExecutionContext.java:137)
	at io.cucumber.core.runtime.RethrowingThrowableCollector.executeAndThrow(RethrowingThrowableCollector.java:23)
	at io.cucumber.core.runtime.CucumberExecutionContext.runTestCase(CucumberExecutionContext.java:137)
	at io.cucumber.testng.TestNGCucumberRunner.runScenario(TestNGCucumberRunner.java:129)
	at io.cucumber.testng.AbstractTestNGCucumberTests.runScenario(AbstractTestNGCucumberTests.java:35)
	at java.base/jdk.internal.reflect.NativeMethodAccessorImpl.invoke0(Native Method)
	at java.base/jdk.internal.reflect.NativeMethodAccessorImpl.invoke(NativeMethodAccessorImpl.java:64)
	at java.base/jdk.internal.reflect.DelegatingMethodAccessorImpl.invoke(DelegatingMethodAccessorImpl.java:43)
	at java.base/java.lang.reflect.Method.invoke(Method.java:564)
	at org.testng.internal.invokers.MethodInvocationHelper.invokeMethod(MethodInvocationHelper.java:139)
	at org.testng.internal.invokers.TestInvoker.invokeMethod(TestInvoker.java:664)
	at org.testng.internal.invokers.TestInvoker.invokeTestMethod(TestInvoker.java:228)
	at org.testng.internal.invokers.MethodRunner.runInSequence(MethodRunner.java:63)
	at org.testng.internal.invokers.TestInvoker$MethodInvocationAgent.invoke(TestInvoker.java:961)
	at org.testng.internal.invokers.TestInvoker.invokeTestMethods(TestInvoker.java:201)
	at org.testng.internal.invokers.TestMethodWorker.invokeTestMethods(TestMethodWorker.java:148)
	at org.testng.internal.invokers.TestMethodWorker.run(TestMethodWorker.java:128)
	at java.base/java.util.ArrayList.forEach(ArrayList.java:1511)
	at org.testng.TestRunner.privateRun(TestRunner.java:819)
	at org.testng.TestRunner.run(TestRunner.java:619)
	at org.testng.SuiteRunner.runTest(SuiteRunner.java:443)
	at org.testng.SuiteRunner.runSequentially(SuiteRunner.java:437)
	at org.testng.SuiteRunner.privateRun(SuiteRunner.java:397)
	at org.testng.SuiteRunner.run(SuiteRunner.java:336)
	at org.testng.SuiteRunnerWorker.runSuite(SuiteRunnerWorker.java:52)
	at org.testng.SuiteRunnerWorker.run(SuiteRunnerWorker.java:95)
	at org.testng.TestNG.runSuitesSequentially(TestNG.java:1301)
	at org.testng.TestNG.runSuitesLocally(TestNG.java:1228)
	at org.testng.TestNG.runSuites(TestNG.java:1134)
	at org.testng.TestNG.run(TestNG.java:1101)
	at org.apache.maven.surefire.testng.TestNGExecutor.run(TestNGExecutor.java:155)
	at org.apache.maven.surefire.testng.TestNGDirectoryTestSuite.executeSingleClass(TestNGDirectoryTestSuite.java:102)
	at org.apache.maven.surefire.testng.TestNGDirectoryTestSuite.execute(TestNGDirectoryTestSuite.java:91)
	at org.apache.maven.surefire.testng.TestNGProvider.invoke(TestNGProvider.java:137)
	at org.apache.maven.surefire.booter.ForkedBooter.runSuitesInProcess(ForkedBooter.java:385)
	at org.apache.maven.surefire.booter.ForkedBooter.execute(ForkedBooter.java:162)
	at org.apache.maven.surefire.booter.ForkedBooter.run(ForkedBooter.java:507)
	at org.apache.maven.surefire.booter.ForkedBooter.main(ForkedBooter.java:495)

  When User update the profile                             # org.piyush.steps.NaukriSteps.userUpdateTheProfile()
  And Upload a new resume                                  # org.piyush.steps.NaukriSteps.uploadANewResume()
  Then The profile should get updated                      # org.piyush.steps.NaukriSteps.theProfileShouldGetUpdated()
]]></system-out>
    <system-err><![CDATA[SLF4J: Failed to load class "org.slf4j.impl.StaticLoggerBinder".
SLF4J: Defaulting to no-operation (NOP) logger implementation
SLF4J: See http://www.slf4j.org/codes.html#StaticLoggerBinder for further details.
]]></system-err>
  </testcase>
  <testcase name="runScenario[&quot;Open website&quot;, &quot;Login feature&quot;](2)" classname="org.piyush.runners.TestRunner" time="2.91">
    <system-out><![CDATA[
Scenario: Open website       # src/test/resources/features/login.feature:3
Title: Playwright
Heading: Playwright enables reliable end-to-end testing for modern web apps.
  Given user opens a website # org.piyush.steps.loginSteps.userOpensAWebsite()
]]></system-out>
  </testcase>
</testsuite>