<?xml version="1.0" encoding="UTF-8"?>
<!-- Generated by org.testng.reporters.JUnitReportReporter -->
<testsuite hostname="LAPTOP-P6IV917U" failures="0" tests="1" name="org.piyush.runners.TestRunner" time="33.048" errors="1" timestamp="2026-01-07T02:04:06 IST" skipped="0">
  <testcase classname="org.piyush.runners.TestRunner" name="runScenario" time="33.048">
    <error message="Cannot invoke &quot;String.length()&quot; because &quot;existingText&quot; is null" type="java.lang.NullPointerException">
      <![CDATA[java.lang.NullPointerException: Cannot invoke "String.length()" because "existingText" is null
at org.piyush.pages.NaukariPage.userUpdateProfileSummary(NaukariPage.java:67)
at org.piyush.steps.NaukriSteps.userUpdateTheProfile(NaukriSteps.java:22)
at ✽.User update the profile(file:///C:/Users/piyus/PlaywrightBDDApi18122025/src/test/resources/features/naukri.feature:6)
]]>
    </error>
  </testcase> <!-- runScenario -->
</testsuite> <!-- org.piyush.runners.TestRunner -->
